<?xml version="1.0" encoding="UTF-8"?>
<testng-results skipped="0" failed="0" ignored="0" total="3" passed="3">
  <reporter-output>
  </reporter-output>
  <suite name="Suite" duration-ms="75" started-at="2021-01-21T16:22:24Z" finished-at="2021-01-21T16:22:24Z">
    <groups>
    </groups>
    <test name="Test" duration-ms="75" started-at="2021-01-21T16:22:24Z" finished-at="2021-01-21T16:22:24Z">
      <class name="seleniumWithMavenSource.MavenFirstClass">
        <test-method status="PASS" signature="methodOne()[pri:0, instance:seleniumWithMavenSource.MavenFirstClass@75c072cb]" name="methodOne" duration-ms="13" started-at="2021-01-21T16:22:24Z" finished-at="2021-01-21T16:22:24Z">
          <reporter-output>
          </reporter-output>
        </test-method> <!-- methodOne -->
        <test-method status="PASS" signature="methodThree()[pri:0, instance:seleniumWithMavenSource.MavenFirstClass@75c072cb]" name="methodThree" duration-ms="1" started-at="2021-01-21T16:22:24Z" finished-at="2021-01-21T16:22:24Z">
          <reporter-output>
          </reporter-output>
        </test-method> <!-- methodThree -->
        <test-method status="PASS" signature="methodTwo()[pri:0, instance:seleniumWithMavenSource.MavenFirstClass@75c072cb]" name="methodTwo" duration-ms="1" started-at="2021-01-21T16:22:24Z" finished-at="2021-01-21T16:22:24Z">
          <reporter-output>
          </reporter-output>
        </test-method> <!-- methodTwo -->
      </class> <!-- seleniumWithMavenSource.MavenFirstClass -->
    </test> <!-- Test -->
  </suite> <!-- Suite -->
</testng-results>
