<?xml version="1.0" encoding="UTF-8"?>
<!-- Generated by org.testng.reporters.JUnitXMLReporter -->
<testsuite hostname="AvishekS" ignored="0" name="TestNGTest" tests="4" failures="0" timestamp="21 Jan 2021 16:12:39 GMT" time="81.33" errors="0">
  <testcase name="methodTwo" time="46.359" classname="seleniumWithMavenSource.MavenSecondClass"/>
  <testcase name="methodOne" time="46.48" classname="seleniumWithMavenSource.MavenSecondClass"/>
  <testcase name="printMethod1" time="22.954" classname="seleniumWithMavenSource.MavenFirstClass"/>
  <testcase name="printMethod" time="34.903" classname="seleniumWithMavenSource.MavenFirstClass"/>
</testsuite> <!-- TestNGTest -->
